<?xml version="1.0" encoding="UTF-8"?>
<testsuite xmlns:xsi="http://www.w3.org/2001/XMLSchema-instance" xsi:noNamespaceSchemaLocation="https://maven.apache.org/surefire/maven-surefire-plugin/xsd/surefire-test-report.xsd" version="3.0.1" name="TestSuite" time="2.061" tests="1" errors="0" skipped="0" failures="0">
  <properties>
[...]
</properties>
  <testcase name="runScenario[&quot;Login with credentials&quot;, &quot;User buy prodcut&quot;](1)" classname="com.Mystore.Runner.TestRunner" time="0.213">
    <system-out><![CDATA[
@buypage @search @smoke @regression
Scenario Outline: Login with credentials             &amp#27;[90m# src/test/resources/Feature/buyProduct.feature:43&amp#27;[0m
  &amp#27;[32mGiven &amp#27;[0m&amp#27;[32mUser opens Main page&amp#27;[0m                         &amp#27;[90m# com.Mystore.stepDefinitions.LoginDD.User_opens_Main_page()&amp#27;[0m
  &amp#27;[32mGiven &amp#27;[0m&amp#27;[32mUser navigates to LogIn page&amp#27;[0m                 &amp#27;[90m# com.Mystore.stepDefinitions.BuyProduct.User_navigates_to_LogIn_page()&amp#27;[0m
  &amp#27;[32mWhen &amp#27;[0m&amp#27;[32mUser enter email address &amp#27;[0m&amp#27;[32m&amp#27;[1m"tanjiro@kamado.com"&amp#27;[0m &amp#27;[90m# com.Mystore.stepDefinitions.BuyProduct.user_enter_email_address(java.lang.String)&amp#27;[0m
  &amp#27;[32mAnd &amp#27;[0m&amp#27;[32mUser enter password &amp#27;[0m&amp#27;[32m&amp#27;[1m"Tanjiro@1216"&amp#27;[0m             &amp#27;[90m# com.Mystore.stepDefinitions.BuyProduct.User_enter_password(java.lang.String)&amp#27;[0m
  &amp#27;[32mThen &amp#27;[0m&amp#27;[32mUser logged in successfully&amp#27;[0m                   &amp#27;[90m# com.Mystore.stepDefinitions.BuyProduct.User_logged_in_successfully()&amp#27;[0m
  &amp#27;[32mWhen &amp#27;[0m&amp#27;[32mUser enters product name&amp#27;[0m                      &amp#27;[90m# com.Mystore.stepDefinitions.BuyProduct.user_enters_product_name()&amp#27;[0m
  &amp#27;[32mAnd &amp#27;[0m&amp#27;[32msearches for product&amp#27;[0m                           &amp#27;[90m# com.Mystore.stepDefinitions.BuyProduct.searches_for_product()&amp#27;[0m
  &amp#27;[32mAnd &amp#27;[0m&amp#27;[32mUser should get redirected to product page&amp#27;[0m     &amp#27;[90m# com.Mystore.stepDefinitions.BuyProduct.user_should_get_redirected_to_product_page()&amp#27;[0m
  &amp#27;[32mAnd &amp#27;[0m&amp#27;[32mproduct found successfully&amp#27;[0m                     &amp#27;[90m# com.Mystore.stepDefinitions.BuyProduct.product_found_successfully()&amp#27;[0m
  &amp#27;[32mAnd &amp#27;[0m&amp#27;[32mUser selects product size&amp#27;[0m                      &amp#27;[90m# com.Mystore.stepDefinitions.BuyProduct.user_selects_product_size()&amp#27;[0m
  &amp#27;[32mAnd &amp#27;[0m&amp#27;[32mselects product color&amp#27;[0m                          &amp#27;[90m# com.Mystore.stepDefinitions.BuyProduct.selects_product_color()&amp#27;[0m
  &amp#27;[32mAnd &amp#27;[0m&amp#27;[32mclicks product to add to cart button&amp#27;[0m           &amp#27;[90m# com.Mystore.stepDefinitions.BuyProduct.clicks_product_to_add_to_cart_button()&amp#27;[0m
  &amp#27;[32mAnd &amp#27;[0m&amp#27;[32mproduct cart alert message appears&amp#27;[0m             &amp#27;[90m# com.Mystore.stepDefinitions.BuyProduct.product_cart_alert_message_appears()&amp#27;[0m
  &amp#27;[32mAnd &amp#27;[0m&amp#27;[32mUser opens add to cart dropdown&amp#27;[0m                &amp#27;[90m# com.Mystore.stepDefinitions.BuyProduct.user_opens_add_to_cart_dropdown()&amp#27;[0m
  &amp#27;[32mAnd &amp#27;[0m&amp#27;[32mclicked on procced to check out&amp#27;[0m                &amp#27;[90m# com.Mystore.stepDefinitions.BuyProduct.clicked_on_procced_to_check_out()&amp#27;[0m
  &amp#27;[32mAnd &amp#27;[0m&amp#27;[32menters to shipping page&amp#27;[0m                        &amp#27;[90m# com.Mystore.stepDefinitions.BuyProduct.enters_to_shipping_page()&amp#27;[0m
  &amp#27;[32mAnd &amp#27;[0m&amp#27;[32mclicked on Next button&amp#27;[0m                         &amp#27;[90m# com.Mystore.stepDefinitions.BuyProduct.clicked_on_next_button()&amp#27;[0m
  &amp#27;[32mAnd &amp#27;[0m&amp#27;[32mclicked on place order button&amp#27;[0m                  &amp#27;[90m# com.Mystore.stepDefinitions.BuyProduct.clicked_on_place_order_button()&amp#27;[0m
  &amp#27;[32mAnd &amp#27;[0m&amp#27;[32mproduct checked out successfully&amp#27;[0m               &amp#27;[90m# com.Mystore.stepDefinitions.BuyProduct.product_checked_out_successfully()&amp#27;[0m
  &amp#27;[32mAnd &amp#27;[0m&amp#27;[32mclicked on order number&amp#27;[0m                        &amp#27;[90m# com.Mystore.stepDefinitions.BuyProduct.clicked_on_order_number()&amp#27;[0m
  &amp#27;[32mAnd &amp#27;[0m&amp#27;[32mprints order&amp#27;[0m                                   &amp#27;[90m# com.Mystore.stepDefinitions.BuyProduct.prints_order()&amp#27;[0m
  &amp#27;[32mAnd &amp#27;[0m&amp#27;[32mcloses driver&amp#27;[0m                                  &amp#27;[90m# com.Mystore.stepDefinitions.BuyProduct.closes_driver()&amp#27;[0m
  &amp#27;[32mAnd &amp#27;[0m&amp#27;[32mviews order details&amp#27;[0m                            &amp#27;[90m# com.Mystore.stepDefinitions.BuyProduct.views_order_details()&amp#27;[0m
  &amp#27;[32mThen &amp#27;[0m&amp#27;[32mlogouts&amp#27;[0m                                       &amp#27;[90m# com.Mystore.stepDefinitions.BuyProduct.logouts()&amp#27;[0m
]]></system-out>
  </testcase>
</testsuite>