<?xml version="1.0" encoding="UTF-8"?>
<testng-results ignored="0" total="1" passed="1" failed="0" skipped="0">
  <reporter-output>
  </reporter-output>
  <suite started-at="2024-08-02T20:22:03 IST" name="Suite" finished-at="2024-08-02T20:22:04 IST" duration-ms="1211">
    <groups>
      <group name="cucumber">
        <method signature="AbstractTestNGCucumberTests.runScenario(io.cucumber.testng.PickleWrapper,io.cucumber.testng.FeatureWrapper)[pri:0, instance:com.Mystore.Runner.TestRunner@55493582]" name="runScenario" class="io.cucumber.testng.AbstractTestNGCucumberTests"/>
      </group> <!-- cucumber -->
    </groups>
    <test started-at="2024-08-02T20:22:03 IST" name="RunnerClass" finished-at="2024-08-02T20:22:04 IST" duration-ms="1211">
      <class name="com.Mystore.Runner.TestRunner">
        <test-method is-config="true" signature="setUpClass(org.testng.ITestContext)[pri:0, instance:com.Mystore.Runner.TestRunner@55493582]" started-at="2024-08-02T20:22:03 IST" name="setUpClass" finished-at="2024-08-02T20:22:04 IST" duration-ms="865" status="PASS">
          <params>
            <param index="0">
              <value>
                <![CDATA[org.testng.TestRunner@338cc75f]]>
              </value>
            </param>
          </params>
          <reporter-output>
          </reporter-output>
        </test-method> <!-- setUpClass -->
        <test-method signature="runScenario(io.cucumber.testng.PickleWrapper,io.cucumber.testng.FeatureWrapper)[pri:0, instance:com.Mystore.Runner.TestRunner@55493582]" started-at="2024-08-02T20:22:04 IST" name="runScenario" description="Runs Cucumber Scenarios" data-provider="scenarios" finished-at="2024-08-02T20:22:04 IST" duration-ms="143" status="PASS">
          <params>
            <param index="0">
              <value>
                <![CDATA["Login with credentials"]]>
              </value>
            </param>
            <param index="1">
              <value>
                <![CDATA["User buy prodcut"]]>
              </value>
            </param>
          </params>
          <reporter-output>
          </reporter-output>
        </test-method> <!-- runScenario -->
        <test-method is-config="true" signature="tearDownClass()[pri:0, instance:com.Mystore.Runner.TestRunner@55493582]" started-at="2024-08-02T20:22:04 IST" name="tearDownClass" finished-at="2024-08-02T20:22:04 IST" duration-ms="101" status="PASS">
          <reporter-output>
          </reporter-output>
        </test-method> <!-- tearDownClass -->
      </class> <!-- com.Mystore.Runner.TestRunner -->
    </test> <!-- RunnerClass -->
  </suite> <!-- Suite -->
</testng-results>
